  Spider.cpp
C:\Users\han.glschool\source\repos\GL_Intern_Project_2023\SDL\src\GameObject\Define.h(39,2): warning C4091: 'typedef ': ignored on left of 'Map' when no variable is declared
C:\Users\han.glschool\source\repos\GL_Intern_Project_2023\SDL\src\GameObject\Define.h(47,2): warning C4091: 'typedef ': ignored on left of 'Map_Color' when no variable is declared
  Ball.cpp
C:\Users\han.glschool\source\repos\GL_Intern_Project_2023\SDL\src\GameObject\Define.h(39,2): warning C4091: 'typedef ': ignored on left of 'Map' when no variable is declared
C:\Users\han.glschool\source\repos\GL_Intern_Project_2023\SDL\src\GameObject\Define.h(47,2): warning C4091: 'typedef ': ignored on left of 'Map_Color' when no variable is declared
  SavePoint.cpp
C:\Users\han.glschool\source\repos\GL_Intern_Project_2023\SDL\src\GameObject\Define.h(39,2): warning C4091: 'typedef ': ignored on left of 'Map' when no variable is declared
C:\Users\han.glschool\source\repos\GL_Intern_Project_2023\SDL\src\GameObject\Define.h(47,2): warning C4091: 'typedef ': ignored on left of 'Map_Color' when no variable is declared
  Wave.cpp
C:\Users\han.glschool\source\repos\GL_Intern_Project_2023\SDL\src\GameObject\Define.h(39,2): warning C4091: 'typedef ': ignored on left of 'Map' when no variable is declared
C:\Users\han.glschool\source\repos\GL_Intern_Project_2023\SDL\src\GameObject\Define.h(47,2): warning C4091: 'typedef ': ignored on left of 'Map_Color' when no variable is declared
  Collider2D.cpp
  BoxCollider2D.cpp
C:\Users\han.glschool\source\repos\GL_Intern_Project_2023\SDL\src\GameObject\Define.h(39,2): warning C4091: 'typedef ': ignored on left of 'Map' when no variable is declared
C:\Users\han.glschool\source\repos\GL_Intern_Project_2023\SDL\src\GameObject\Define.h(47,2): warning C4091: 'typedef ': ignored on left of 'Map_Color' when no variable is declared
C:\Users\han.glschool\source\repos\GL_Intern_Project_2023\SDL\src\GameObject\BoxCollider2D.cpp(11,16): warning C4244: '=': conversion from 'float' to 'int', possible loss of data
C:\Users\han.glschool\source\repos\GL_Intern_Project_2023\SDL\src\GameObject\BoxCollider2D.cpp(12,17): warning C4244: '=': conversion from 'float' to 'int', possible loss of data
C:\Users\han.glschool\source\repos\GL_Intern_Project_2023\SDL\src\GameObject\BoxCollider2D.cpp(16,80): warning C4244: 'argument': conversion from 'float' to 'int', possible loss of data
C:\Users\han.glschool\source\repos\GL_Intern_Project_2023\SDL\src\GameObject\BoxCollider2D.cpp(16,72): warning C4244: 'argument': conversion from 'float' to 'int', possible loss of data
C:\Users\han.glschool\source\repos\GL_Intern_Project_2023\SDL\src\GameObject\BoxCollider2D.cpp(20,16): warning C4244: '=': conversion from 'float' to 'int', possible loss of data
C:\Users\han.glschool\source\repos\GL_Intern_Project_2023\SDL\src\GameObject\BoxCollider2D.cpp(21,17): warning C4244: '=': conversion from 'float' to 'int', possible loss of data
C:\Users\han.glschool\source\repos\GL_Intern_Project_2023\SDL\src\GameObject\BoxCollider2D.cpp(35,52): warning C4244: 'argument': conversion from 'float' to 'int', possible loss of data
C:\Users\han.glschool\source\repos\GL_Intern_Project_2023\SDL\src\GameObject\BoxCollider2D.cpp(35,38): warning C4244: 'argument': conversion from 'float' to 'int', possible loss of data
C:\Users\han.glschool\source\repos\GL_Intern_Project_2023\SDL\src\GameObject\BoxCollider2D.cpp(56,15): warning C4244: '=': conversion from 'int' to 'float', possible loss of data
C:\Users\han.glschool\source\repos\GL_Intern_Project_2023\SDL\src\GameObject\BoxCollider2D.cpp(57,16): warning C4244: '=': conversion from 'int' to 'float', possible loss of data
C:\Users\han.glschool\source\repos\GL_Intern_Project_2023\SDL\src\GameObject\BoxCollider2D.cpp(70,12): warning C4244: 'return': conversion from 'float' to 'int', possible loss of data
C:\Users\han.glschool\source\repos\GL_Intern_Project_2023\SDL\src\GameObject\BoxCollider2D.cpp(75,12): warning C4244: 'return': conversion from 'float' to 'int', possible loss of data
C:\Users\han.glschool\source\repos\GL_Intern_Project_2023\SDL\src\GameObject\BoxCollider2D.cpp(126,14): warning C4244: 'initializing': conversion from 'float' to 'int', possible loss of data
C:\Users\han.glschool\source\repos\GL_Intern_Project_2023\SDL\src\GameObject\BoxCollider2D.cpp(127,15): warning C4244: 'initializing': conversion from 'float' to 'int', possible loss of data
C:\Users\han.glschool\source\repos\GL_Intern_Project_2023\SDL\src\GameObject\BoxCollider2D.cpp(128,13): warning C4244: 'initializing': conversion from 'const float' to 'int', possible loss of data
C:\Users\han.glschool\source\repos\GL_Intern_Project_2023\SDL\src\GameObject\BoxCollider2D.cpp(129,16): warning C4244: 'initializing': conversion from 'float' to 'int', possible loss of data
  CircleCollider2D.cpp
C:\Users\han.glschool\source\repos\GL_Intern_Project_2023\SDL\src\GameObject\Define.h(39,2): warning C4091: 'typedef ': ignored on left of 'Map' when no variable is declared
C:\Users\han.glschool\source\repos\GL_Intern_Project_2023\SDL\src\GameObject\Define.h(47,2): warning C4091: 'typedef ': ignored on left of 'Map_Color' when no variable is declared
C:\Users\han.glschool\source\repos\GL_Intern_Project_2023\SDL\src\GameObject\CircleCollider2D.cpp(17,91): warning C4244: 'argument': conversion from 'float' to 'int', possible loss of data
C:\Users\han.glschool\source\repos\GL_Intern_Project_2023\SDL\src\GameObject\CircleCollider2D.cpp(17,79): warning C4244: 'argument': conversion from 'float' to 'int', possible loss of data
C:\Users\han.glschool\source\repos\GL_Intern_Project_2023\SDL\src\GameObject\CircleCollider2D.cpp(69,90): warning C4244: 'argument': conversion from 'float' to 'int', possible loss of data
C:\Users\han.glschool\source\repos\GL_Intern_Project_2023\SDL\src\GameObject\CircleCollider2D.cpp(69,68): warning C4244: 'argument': conversion from 'float' to 'int', possible loss of data
C:\Users\han.glschool\source\repos\GL_Intern_Project_2023\SDL\src\GameObject\CircleCollider2D.cpp(92,23): warning C4244: '=': conversion from 'int' to 'float', possible loss of data
C:\Users\han.glschool\source\repos\GL_Intern_Project_2023\SDL\src\GameObject\CircleCollider2D.cpp(99,21): warning C4244: 'return': conversion from 'float' to 'int', possible loss of data
C:\Users\han.glschool\source\repos\GL_Intern_Project_2023\SDL\src\GameObject\CircleCollider2D.cpp(104,21): warning C4244: 'return': conversion from 'float' to 'int', possible loss of data
C:\Program Files\Microsoft Visual Studio\2022\Community\VC\Tools\MSVC\14.36.32532\include\xutility(265,77): warning C4244: 'argument': conversion from '_Ty' to 'int', possible loss of data
          with
          [
              _Ty=float
          ]
C:\Program Files\Microsoft Visual Studio\2022\Community\VC\Tools\MSVC\14.36.32532\include\memory(2092,13): message : see reference to function template instantiation 'void std::_Construct_in_place<_Ty,std::shared_ptr<TextureManager>&,SDL_RendererFlip&,float,float>(_Ty &,std::shared_ptr<TextureManager> &,SDL_RendererFlip &,float &&,float &&) noexcept(false)' being compiled
          with
          [
              _Ty=Sprite2D
          ]
C:\Program Files\Microsoft Visual Studio\2022\Community\VC\Tools\MSVC\14.36.32532\include\memory(2765,46): message : see reference to function template instantiation 'std::_Ref_count_obj2<Sprite2D>::_Ref_count_obj2<std::shared_ptr<TextureManager>&,SDL_RendererFlip&,_Ty,_Ty>(std::shared_ptr<TextureManager> &,SDL_RendererFlip &,_Ty &&,_Ty &&)' being compiled
          with
          [
              _Ty=float
          ]
C:\Users\han.glschool\source\repos\GL_Intern_Project_2023\SDL\src\GameObject\CircleCollider2D.cpp(12,21): message : see reference to function template instantiation 'std::shared_ptr<Sprite2D> std::make_shared<Sprite2D,std::shared_ptr<TextureManager>&,SDL_RendererFlip&,float,float>(std::shared_ptr<TextureManager> &,SDL_RendererFlip &,float &&,float &&)' being compiled
  Background.cpp
C:\Users\han.glschool\source\repos\GL_Intern_Project_2023\SDL\src\GameObject\Define.h(39,2): warning C4091: 'typedef ': ignored on left of 'Map' when no variable is declared
C:\Users\han.glschool\source\repos\GL_Intern_Project_2023\SDL\src\GameObject\Define.h(47,2): warning C4091: 'typedef ': ignored on left of 'Map_Color' when no variable is declared
C:\Users\han.glschool\source\repos\GL_Intern_Project_2023\SDL\src\GameObject\Background.cpp(21,47): warning C4244: 'argument': conversion from 'float' to 'int', possible loss of data
C:\Users\han.glschool\source\repos\GL_Intern_Project_2023\SDL\src\GameObject\Background.cpp(21,33): warning C4244: 'argument': conversion from 'float' to 'int', possible loss of data
  GameMap.cpp
C:\Users\han.glschool\source\repos\GL_Intern_Project_2023\SDL\src\GameObject\Define.h(39,2): warning C4091: 'typedef ': ignored on left of 'Map' when no variable is declared
C:\Users\han.glschool\source\repos\GL_Intern_Project_2023\SDL\src\GameObject\Define.h(47,2): warning C4091: 'typedef ': ignored on left of 'Map_Color' when no variable is declared
C:\Users\han.glschool\source\repos\GL_Intern_Project_2023\SDL\src\GameObject\GameMap.cpp(34,17): warning C4477: 'fscanf_s' : format string '%d' requires an argument of type 'int *', but variadic argument 1 has type '__int64 *'
C:\Users\han.glschool\source\repos\GL_Intern_Project_2023\SDL\src\GameObject\GameMap.cpp(34,17): message : consider using '%lld' in the format string
C:\Users\han.glschool\source\repos\GL_Intern_Project_2023\SDL\src\GameObject\GameMap.cpp(34,17): message : consider using '%Id' in the format string
C:\Users\han.glschool\source\repos\GL_Intern_Project_2023\SDL\src\GameObject\GameMap.cpp(34,17): message : consider using '%I64d' in the format string
C:\Users\han.glschool\source\repos\GL_Intern_Project_2023\SDL\src\GameObject\GameMap.cpp(35,12): warning C4244: 'initializing': conversion from '__int64' to 'int', possible loss of data
C:\Users\han.glschool\source\repos\GL_Intern_Project_2023\SDL\src\GameObject\GameMap.cpp(105,12): warning C4244: 'initializing': conversion from '__int64' to 'int', possible loss of data
C:\Users\han.glschool\source\repos\GL_Intern_Project_2023\SDL\src\GameObject\GameMap.cpp(112,24): warning C4305: 'argument': truncation from 'int' to 'Uint8'
C:\Users\han.glschool\source\repos\GL_Intern_Project_2023\SDL\src\GameObject\GameMap.cpp(112,24): warning C4309: 'argument': truncation of constant value
C:\Users\han.glschool\source\repos\GL_Intern_Project_2023\SDL\src\GameObject\GameMap.cpp(113,83): warning C4244: 'argument': conversion from 'int' to 'float', possible loss of data
C:\Users\han.glschool\source\repos\GL_Intern_Project_2023\SDL\src\GameObject\GameMap.cpp(113,80): warning C4244: 'argument': conversion from 'int' to 'float', possible loss of data
C:\Users\han.glschool\source\repos\GL_Intern_Project_2023\SDL\src\GameObject\GameMap.cpp(119,85): warning C4244: 'argument': conversion from 'int' to 'float', possible loss of data
C:\Users\han.glschool\source\repos\GL_Intern_Project_2023\SDL\src\GameObject\GameMap.cpp(119,82): warning C4244: 'argument': conversion from 'int' to 'float', possible loss of data
C:\Users\han.glschool\source\repos\GL_Intern_Project_2023\SDL\src\GameObject\GameMap.cpp(121,45): warning C4244: 'argument': conversion from 'int' to 'float', possible loss of data
C:\Users\han.glschool\source\repos\GL_Intern_Project_2023\SDL\src\GameObject\GameMap.cpp(121,40): warning C4244: 'argument': conversion from 'int' to 'float', possible loss of data
C:\Users\han.glschool\source\repos\GL_Intern_Project_2023\SDL\src\GameObject\GameMap.cpp(126,87): warning C4244: 'argument': conversion from 'int' to 'float', possible loss of data
C:\Users\han.glschool\source\repos\GL_Intern_Project_2023\SDL\src\GameObject\GameMap.cpp(126,82): warning C4244: 'argument': conversion from 'int' to 'float', possible loss of data
C:\Users\han.glschool\source\repos\GL_Intern_Project_2023\SDL\src\GameObject\GameMap.cpp(138,100): warning C4244: 'argument': conversion from 'int' to 'float', possible loss of data
C:\Users\han.glschool\source\repos\GL_Intern_Project_2023\SDL\src\GameObject\GameMap.cpp(138,83): warning C4244: 'argument': conversion from 'int' to 'float', possible loss of data
C:\Users\han.glschool\source\repos\GL_Intern_Project_2023\SDL\src\GameObject\GameMap.cpp(145,85): warning C4244: 'argument': conversion from 'int' to 'float', possible loss of data
C:\Users\han.glschool\source\repos\GL_Intern_Project_2023\SDL\src\GameObject\GameMap.cpp(145,82): warning C4244: 'argument': conversion from 'int' to 'float', possible loss of data
C:\Users\han.glschool\source\repos\GL_Intern_Project_2023\SDL\src\GameObject\GameMap.cpp(147,45): warning C4244: 'argument': conversion from 'int' to 'float', possible loss of data
C:\Users\han.glschool\source\repos\GL_Intern_Project_2023\SDL\src\GameObject\GameMap.cpp(147,40): warning C4244: 'argument': conversion from 'int' to 'float', possible loss of data
C:\Users\han.glschool\source\repos\GL_Intern_Project_2023\SDL\src\GameObject\GameMap.cpp(155,85): warning C4244: 'argument': conversion from 'int' to 'float', possible loss of data
C:\Users\han.glschool\source\repos\GL_Intern_Project_2023\SDL\src\GameObject\GameMap.cpp(155,82): warning C4244: 'argument': conversion from 'int' to 'float', possible loss of data
C:\Users\han.glschool\source\repos\GL_Intern_Project_2023\SDL\src\GameObject\GameMap.cpp(156,59): warning C4244: 'argument': conversion from 'int' to 'float', possible loss of data
C:\Users\han.glschool\source\repos\GL_Intern_Project_2023\SDL\src\GameObject\GameMap.cpp(156,42): warning C4244: 'argument': conversion from 'int' to 'float', possible loss of data
C:\Users\han.glschool\source\repos\GL_Intern_Project_2023\SDL\src\GameObject\GameMap.cpp(167,24): warning C4305: 'argument': truncation from 'int' to 'Uint8'
C:\Users\han.glschool\source\repos\GL_Intern_Project_2023\SDL\src\GameObject\GameMap.cpp(167,24): warning C4309: 'argument': truncation of constant value
C:\Users\han.glschool\source\repos\GL_Intern_Project_2023\SDL\src\GameObject\GameMap.cpp(175,83): warning C4244: 'argument': conversion from 'int' to 'float', possible loss of data
C:\Users\han.glschool\source\repos\GL_Intern_Project_2023\SDL\src\GameObject\GameMap.cpp(175,80): warning C4244: 'argument': conversion from 'int' to 'float', possible loss of data
C:\Users\han.glschool\source\repos\GL_Intern_Project_2023\SDL\src\GameObject\GameMap.cpp(183,24): warning C4305: 'argument': truncation from 'int' to 'Uint8'
C:\Users\han.glschool\source\repos\GL_Intern_Project_2023\SDL\src\GameObject\GameMap.cpp(183,24): warning C4309: 'argument': truncation of constant value
C:\Users\han.glschool\source\repos\GL_Intern_Project_2023\SDL\src\GameObject\GameMap.cpp(184,83): warning C4244: 'argument': conversion from 'int' to 'float', possible loss of data
C:\Users\han.glschool\source\repos\GL_Intern_Project_2023\SDL\src\GameObject\GameMap.cpp(184,80): warning C4244: 'argument': conversion from 'int' to 'float', possible loss of data
C:\Users\han.glschool\source\repos\GL_Intern_Project_2023\SDL\src\GameObject\GameMap.cpp(192,24): warning C4305: 'argument': truncation from 'int' to 'Uint8'
C:\Users\han.glschool\source\repos\GL_Intern_Project_2023\SDL\src\GameObject\GameMap.cpp(192,24): warning C4309: 'argument': truncation of constant value
C:\Users\han.glschool\source\repos\GL_Intern_Project_2023\SDL\src\GameObject\GameMap.cpp(193,83): warning C4244: 'argument': conversion from 'int' to 'float', possible loss of data
C:\Users\han.glschool\source\repos\GL_Intern_Project_2023\SDL\src\GameObject\GameMap.cpp(193,80): warning C4244: 'argument': conversion from 'int' to 'float', possible loss of data
C:\Users\han.glschool\source\repos\GL_Intern_Project_2023\SDL\src\GameObject\GameMap.cpp(202,95): warning C4244: 'argument': conversion from 'int' to 'float', possible loss of data
C:\Users\han.glschool\source\repos\GL_Intern_Project_2023\SDL\src\GameObject\GameMap.cpp(202,92): warning C4244: 'argument': conversion from 'int' to 'float', possible loss of data
C:\Users\han.glschool\source\repos\GL_Intern_Project_2023\SDL\src\GameObject\GameMap.cpp(204,66): warning C4244: 'argument': conversion from 'int' to 'float', possible loss of data
C:\Users\han.glschool\source\repos\GL_Intern_Project_2023\SDL\src\GameObject\GameMap.cpp(204,47): warning C4244: 'argument': conversion from 'int' to 'float', possible loss of data
C:\Users\han.glschool\source\repos\GL_Intern_Project_2023\SDL\src\GameObject\GameMap.cpp(212,89): warning C4244: 'argument': conversion from 'int' to 'float', possible loss of data
C:\Users\han.glschool\source\repos\GL_Intern_Project_2023\SDL\src\GameObject\GameMap.cpp(212,87): warning C4244: 'argument': conversion from 'int' to 'float', possible loss of data
C:\Users\han.glschool\source\repos\GL_Intern_Project_2023\SDL\src\GameObject\GameMap.cpp(215,60): warning C4244: 'argument': conversion from 'int' to 'float', possible loss of data
C:\Users\han.glschool\source\repos\GL_Intern_Project_2023\SDL\src\GameObject\GameMap.cpp(215,41): warning C4244: 'argument': conversion from 'int' to 'float', possible loss of data
C:\Users\han.glschool\source\repos\GL_Intern_Project_2023\SDL\src\GameObject\GameMap.cpp(221,85): warning C4244: 'argument': conversion from 'int' to 'float', possible loss of data
C:\Users\han.glschool\source\repos\GL_Intern_Project_2023\SDL\src\GameObject\GameMap.cpp(221,82): warning C4244: 'argument': conversion from 'int' to 'float', possible loss of data
C:\Users\han.glschool\source\repos\GL_Intern_Project_2023\SDL\src\GameObject\GameMap.cpp(222,45): warning C4244: 'argument': conversion from 'int' to 'float', possible loss of data
C:\Users\han.glschool\source\repos\GL_Intern_Project_2023\SDL\src\GameObject\GameMap.cpp(222,40): warning C4244: 'argument': conversion from 'int' to 'float', possible loss of data
C:\Users\han.glschool\source\repos\GL_Intern_Project_2023\SDL\src\GameObject\GameMap.cpp(228,90): warning C4244: 'argument': conversion from 'int' to 'float', possible loss of data
C:\Users\han.glschool\source\repos\GL_Intern_Project_2023\SDL\src\GameObject\GameMap.cpp(228,85): warning C4244: 'argument': conversion from 'int' to 'float', possible loss of data
C:\Users\han.glschool\source\repos\GL_Intern_Project_2023\SDL\src\GameObject\GameMap.cpp(235,88): warning C4244: 'argument': conversion from 'int' to 'float', possible loss of data
C:\Users\han.glschool\source\repos\GL_Intern_Project_2023\SDL\src\GameObject\GameMap.cpp(235,85): warning C4244: 'argument': conversion from 'int' to 'float', possible loss of data
C:\Users\han.glschool\source\repos\GL_Intern_Project_2023\SDL\src\GameObject\GameMap.cpp(242,85): warning C4244: 'argument': conversion from 'int' to 'float', possible loss of data
C:\Users\han.glschool\source\repos\GL_Intern_Project_2023\SDL\src\GameObject\GameMap.cpp(242,82): warning C4244: 'argument': conversion from 'int' to 'float', possible loss of data
C:\Users\han.glschool\source\repos\GL_Intern_Project_2023\SDL\src\GameObject\GameMap.cpp(244,43): warning C4244: 'argument': conversion from 'int' to 'float', possible loss of data
C:\Users\han.glschool\source\repos\GL_Intern_Project_2023\SDL\src\GameObject\GameMap.cpp(244,40): warning C4244: 'argument': conversion from 'int' to 'float', possible loss of data
C:\Users\han.glschool\source\repos\GL_Intern_Project_2023\SDL\src\GameObject\GameMap.cpp(250,87): warning C4244: 'argument': conversion from 'int' to 'float', possible loss of data
C:\Users\han.glschool\source\repos\GL_Intern_Project_2023\SDL\src\GameObject\GameMap.cpp(250,82): warning C4244: 'argument': conversion from 'int' to 'float', possible loss of data
C:\Users\han.glschool\source\repos\GL_Intern_Project_2023\SDL\src\GameObject\GameMap.cpp(258,29): warning C4244: 'argument': conversion from 'int' to 'float', possible loss of data
C:\Users\han.glschool\source\repos\GL_Intern_Project_2023\SDL\src\GameObject\GameMap.cpp(258,26): warning C4244: 'argument': conversion from 'int' to 'float', possible loss of data
C:\Users\han.glschool\source\repos\GL_Intern_Project_2023\SDL\src\GameObject\GameMap.cpp(265,29): warning C4244: 'argument': conversion from 'int' to 'float', possible loss of data
C:\Users\han.glschool\source\repos\GL_Intern_Project_2023\SDL\src\GameObject\GameMap.cpp(265,26): warning C4244: 'argument': conversion from 'int' to 'float', possible loss of data
C:\Users\han.glschool\source\repos\GL_Intern_Project_2023\SDL\src\GameObject\GameMap.cpp(271,90): warning C4244: 'argument': conversion from 'int' to 'float', possible loss of data
C:\Users\han.glschool\source\repos\GL_Intern_Project_2023\SDL\src\GameObject\GameMap.cpp(271,87): warning C4244: 'argument': conversion from 'int' to 'float', possible loss of data
C:\Users\han.glschool\source\repos\GL_Intern_Project_2023\SDL\src\GameObject\GameMap.cpp(272,43): warning C4244: 'argument': conversion from 'int' to 'float', possible loss of data
C:\Users\han.glschool\source\repos\GL_Intern_Project_2023\SDL\src\GameObject\GameMap.cpp(272,40): warning C4244: 'argument': conversion from 'int' to 'float', possible loss of data
C:\Users\han.glschool\source\repos\GL_Intern_Project_2023\SDL\src\GameObject\GameMap.cpp(278,88): warning C4244: 'argument': conversion from 'int' to 'float', possible loss of data
C:\Users\han.glschool\source\repos\GL_Intern_Project_2023\SDL\src\GameObject\GameMap.cpp(278,85): warning C4244: 'argument': conversion from 'int' to 'float', possible loss of data
C:\Users\han.glschool\source\repos\GL_Intern_Project_2023\SDL\src\GameObject\GameMap.cpp(279,43): warning C4244: 'argument': conversion from 'int' to 'float', possible loss of data
C:\Users\han.glschool\source\repos\GL_Intern_Project_2023\SDL\src\GameObject\GameMap.cpp(279,40): warning C4244: 'argument': conversion from 'int' to 'float', possible loss of data
C:\Users\han.glschool\source\repos\GL_Intern_Project_2023\SDL\src\GameObject\GameMap.cpp(285,88): warning C4244: 'argument': conversion from 'int' to 'float', possible loss of data
C:\Users\han.glschool\source\repos\GL_Intern_Project_2023\SDL\src\GameObject\GameMap.cpp(285,85): warning C4244: 'argument': conversion from 'int' to 'float', possible loss of data
C:\Users\han.glschool\source\repos\GL_Intern_Project_2023\SDL\src\GameObject\GameMap.cpp(286,43): warning C4244: 'argument': conversion from 'int' to 'float', possible loss of data
C:\Users\han.glschool\source\repos\GL_Intern_Project_2023\SDL\src\GameObject\GameMap.cpp(286,40): warning C4244: 'argument': conversion from 'int' to 'float', possible loss of data
C:\Users\han.glschool\source\repos\GL_Intern_Project_2023\SDL\src\GameObject\GameMap.cpp(292,101): warning C4244: 'argument': conversion from 'int' to 'float', possible loss of data
C:\Users\han.glschool\source\repos\GL_Intern_Project_2023\SDL\src\GameObject\GameMap.cpp(292,84): warning C4244: 'argument': conversion from 'int' to 'float', possible loss of data
C:\Users\han.glschool\source\repos\GL_Intern_Project_2023\SDL\src\GameObject\GameMap.cpp(299,85): warning C4244: 'argument': conversion from 'int' to 'float', possible loss of data
C:\Users\han.glschool\source\repos\GL_Intern_Project_2023\SDL\src\GameObject\GameMap.cpp(299,82): warning C4244: 'argument': conversion from 'int' to 'float', possible loss of data
C:\Users\han.glschool\source\repos\GL_Intern_Project_2023\SDL\src\GameObject\GameMap.cpp(306,87): warning C4244: 'argument': conversion from 'int' to 'float', possible loss of data
C:\Users\han.glschool\source\repos\GL_Intern_Project_2023\SDL\src\GameObject\GameMap.cpp(306,82): warning C4244: 'argument': conversion from 'int' to 'float', possible loss of data
C:\Users\han.glschool\source\repos\GL_Intern_Project_2023\SDL\src\GameObject\GameMap.cpp(307,59): warning C4244: 'argument': conversion from 'int' to 'float', possible loss of data
C:\Users\han.glschool\source\repos\GL_Intern_Project_2023\SDL\src\GameObject\GameMap.cpp(307,42): warning C4244: 'argument': conversion from 'int' to 'float', possible loss of data
C:\Users\han.glschool\source\repos\GL_Intern_Project_2023\SDL\src\GameObject\GameMap.cpp(313,86): warning C4244: 'argument': conversion from 'int' to 'float', possible loss of data
C:\Users\han.glschool\source\repos\GL_Intern_Project_2023\SDL\src\GameObject\GameMap.cpp(313,82): warning C4244: 'argument': conversion from 'int' to 'float', possible loss of data
C:\Users\han.glschool\source\repos\GL_Intern_Project_2023\SDL\src\GameObject\GameMap.cpp(314,46): warning C4244: 'argument': conversion from 'int' to 'float', possible loss of data
C:\Users\han.glschool\source\repos\GL_Intern_Project_2023\SDL\src\GameObject\GameMap.cpp(314,40): warning C4244: 'argument': conversion from 'int' to 'float', possible loss of data
C:\Users\han.glschool\source\repos\GL_Intern_Project_2023\SDL\src\GameObject\GameMap.cpp(320,87): warning C4244: 'argument': conversion from 'int' to 'float', possible loss of data
C:\Users\han.glschool\source\repos\GL_Intern_Project_2023\SDL\src\GameObject\GameMap.cpp(320,82): warning C4244: 'argument': conversion from 'int' to 'float', possible loss of data
C:\Users\han.glschool\source\repos\GL_Intern_Project_2023\SDL\src\GameObject\GameMap.cpp(321,46): warning C4244: 'argument': conversion from 'int' to 'float', possible loss of data
C:\Users\han.glschool\source\repos\GL_Intern_Project_2023\SDL\src\GameObject\GameMap.cpp(321,40): warning C4244: 'argument': conversion from 'int' to 'float', possible loss of data
C:\Users\han.glschool\source\repos\GL_Intern_Project_2023\SDL\src\GameObject\GameMap.cpp(327,87): warning C4244: 'argument': conversion from 'int' to 'float', possible loss of data
C:\Users\han.glschool\source\repos\GL_Intern_Project_2023\SDL\src\GameObject\GameMap.cpp(327,82): warning C4244: 'argument': conversion from 'int' to 'float', possible loss of data
C:\Users\han.glschool\source\repos\GL_Intern_Project_2023\SDL\src\GameObject\GameMap.cpp(328,43): warning C4244: 'argument': conversion from 'int' to 'float', possible loss of data
C:\Users\han.glschool\source\repos\GL_Intern_Project_2023\SDL\src\GameObject\GameMap.cpp(328,40): warning C4244: 'argument': conversion from 'int' to 'float', possible loss of data
C:\Program Files\Microsoft Visual Studio\2022\Community\VC\Tools\MSVC\14.36.32532\include\xutility(265,77): warning C4244: 'argument': conversion from '_Ty' to 'float', possible loss of data
          with
          [
              _Ty=int
          ]
C:\Program Files\Microsoft Visual Studio\2022\Community\VC\Tools\MSVC\14.36.32532\include\memory(2092,13): message : see reference to function template instantiation 'void std::_Construct_in_place<_Ty,COLLIDER_TYPE,Vector2,bool,int,int,std::shared_ptr<TextureManager>&,SDL_RendererFlip>(_Ty &,COLLIDER_TYPE &&,Vector2 &&,bool &&,int &&,int &&,std::shared_ptr<TextureManager> &,SDL_RendererFlip &&) noexcept(false)' being compiled
          with
          [
              _Ty=BoxCollider2D
          ]
C:\Program Files\Microsoft Visual Studio\2022\Community\VC\Tools\MSVC\14.36.32532\include\memory(2765,46): message : see reference to function template instantiation 'std::_Ref_count_obj2<BoxCollider2D>::_Ref_count_obj2<_Ty,Vector2,bool,int,int,std::shared_ptr<TextureManager>&,SDL_RendererFlip>(_Ty &&,Vector2 &&,bool &&,int &&,int &&,std::shared_ptr<TextureManager> &,SDL_RendererFlip &&)' being compiled
          with
          [
              _Ty=COLLIDER_TYPE
          ]
C:\Users\han.glschool\source\repos\GL_Intern_Project_2023\SDL\src\GameObject\GameMap.cpp(113,23): message : see reference to function template instantiation 'std::shared_ptr<BoxCollider2D> std::make_shared<BoxCollider2D,COLLIDER_TYPE,Vector2,bool,int,int,std::shared_ptr<TextureManager>&,SDL_RendererFlip>(COLLIDER_TYPE &&,Vector2 &&,bool &&,int &&,int &&,std::shared_ptr<TextureManager> &,SDL_RendererFlip &&)' being compiled
  Player.cpp
C:\Users\han.glschool\source\repos\GL_Intern_Project_2023\SDL\src\GameObject\Define.h(39,2): warning C4091: 'typedef ': ignored on left of 'Map' when no variable is declared
C:\Users\han.glschool\source\repos\GL_Intern_Project_2023\SDL\src\GameObject\Define.h(47,2): warning C4091: 'typedef ': ignored on left of 'Map_Color' when no variable is declared
C:\Users\han.glschool\source\repos\GL_Intern_Project_2023\SDL\src\GameObject\Player.cpp(113,50): warning C4244: '+=': conversion from 'double' to 'float', possible loss of data
C:\Program Files\Microsoft Visual Studio\2022\Community\VC\Tools\MSVC\14.36.32532\include\xutility(265,77): warning C4244: 'argument': conversion from '_Ty' to 'float', possible loss of data
          with
          [
              _Ty=int
          ]
C:\Program Files\Microsoft Visual Studio\2022\Community\VC\Tools\MSVC\14.36.32532\include\memory(2092,13): message : see reference to function template instantiation 'void std::_Construct_in_place<_Ty,COLLIDER_TYPE,Vector2&,bool,int,int,std::shared_ptr<TextureManager>,SDL_RendererFlip>(_Ty &,COLLIDER_TYPE &&,Vector2 &,bool &&,int &&,int &&,std::shared_ptr<TextureManager> &&,SDL_RendererFlip &&) noexcept(false)' being compiled
          with
          [
              _Ty=BoxCollider2D
          ]
C:\Program Files\Microsoft Visual Studio\2022\Community\VC\Tools\MSVC\14.36.32532\include\memory(2765,46): message : see reference to function template instantiation 'std::_Ref_count_obj2<BoxCollider2D>::_Ref_count_obj2<_Ty,Vector2&,bool,int,int,std::shared_ptr<TextureManager>,SDL_RendererFlip>(_Ty &&,Vector2 &,bool &&,int &&,int &&,std::shared_ptr<TextureManager> &&,SDL_RendererFlip &&)' being compiled
          with
          [
              _Ty=COLLIDER_TYPE
          ]
C:\Users\han.glschool\source\repos\GL_Intern_Project_2023\SDL\src\GameObject\Player.cpp(26,24): message : see reference to function template instantiation 'std::shared_ptr<BoxCollider2D> std::make_shared<BoxCollider2D,COLLIDER_TYPE,Vector2&,bool,int,int,std::shared_ptr<TextureManager>,SDL_RendererFlip>(COLLIDER_TYPE &&,Vector2 &,bool &&,int &&,int &&,std::shared_ptr<TextureManager> &&,SDL_RendererFlip &&)' being compiled
C:\Program Files\Microsoft Visual Studio\2022\Community\VC\Tools\MSVC\14.36.32532\include\xutility(265,77): warning C4244: 'argument': conversion from '_Ty' to 'float', possible loss of data
          with
          [
              _Ty=double
          ]
C:\Program Files\Microsoft Visual Studio\2022\Community\VC\Tools\MSVC\14.36.32532\include\memory(2092,13): message : see reference to function template instantiation 'void std::_Construct_in_place<_Ty,Vector2&,double,int,double,std::shared_ptr<TextureManager>,int,int,int,int,int,double,bool>(_Ty &,Vector2 &,double &&,int &&,double &&,std::shared_ptr<TextureManager> &&,int &&,int &&,int &&,int &&,int &&,double &&,bool &&) noexcept(false)' being compiled
          with
          [
              _Ty=Spider
          ]
C:\Program Files\Microsoft Visual Studio\2022\Community\VC\Tools\MSVC\14.36.32532\include\memory(2765,46): message : see reference to function template instantiation 'std::_Ref_count_obj2<Spider>::_Ref_count_obj2<Vector2&,_Ty,int,_Ty,std::shared_ptr<TextureManager>,int,int,int,int,int,_Ty,bool>(Vector2 &,_Ty &&,int &&,_Ty &&,std::shared_ptr<TextureManager> &&,int &&,int &&,int &&,int &&,int &&,_Ty &&,bool &&)' being compiled
          with
          [
              _Ty=double
          ]
C:\Users\han.glschool\source\repos\GL_Intern_Project_2023\SDL\src\GameObject\Player.cpp(444,15): message : see reference to function template instantiation 'std::shared_ptr<Spider> std::make_shared<Spider,Vector2&,double,int,double,std::shared_ptr<TextureManager>,int,int,int,int,int,double,bool>(Vector2 &,double &&,int &&,double &&,std::shared_ptr<TextureManager> &&,int &&,int &&,int &&,int &&,int &&,double &&,bool &&)' being compiled
  Ship.cpp
C:\Users\han.glschool\source\repos\GL_Intern_Project_2023\SDL\src\GameObject\Define.h(39,2): warning C4091: 'typedef ': ignored on left of 'Map' when no variable is declared
C:\Users\han.glschool\source\repos\GL_Intern_Project_2023\SDL\src\GameObject\Define.h(47,2): warning C4091: 'typedef ': ignored on left of 'Map_Color' when no variable is declared
  GSCharacter.cpp
C:\Users\han.glschool\source\repos\GL_Intern_Project_2023\SDL\src\GameObject\Define.h(39,2): warning C4091: 'typedef ': ignored on left of 'Map' when no variable is declared
C:\Users\han.glschool\source\repos\GL_Intern_Project_2023\SDL\src\GameObject\Define.h(47,2): warning C4091: 'typedef ': ignored on left of 'Map_Color' when no variable is declared
C:\Users\han.glschool\source\repos\GL_Intern_Project_2023\SDL\src\GameStates\GSCharacter.cpp(35,39): warning C4244: 'argument': conversion from 'int' to 'float', possible loss of data
C:\Users\han.glschool\source\repos\GL_Intern_Project_2023\SDL\src\GameStates\GSCharacter.cpp(45,66): warning C4244: 'argument': conversion from 'int' to 'float', possible loss of data
C:\Users\han.glschool\source\repos\GL_Intern_Project_2023\SDL\src\GameStates\GSCharacter.cpp(54,68): warning C4244: 'argument': conversion from 'int' to 'float', possible loss of data
C:\Users\han.glschool\source\repos\GL_Intern_Project_2023\SDL\src\GameStates\GSCharacter.cpp(65,67): warning C4244: 'argument': conversion from 'int' to 'float', possible loss of data
C:\Users\han.glschool\source\repos\GL_Intern_Project_2023\SDL\src\GameStates\GSCharacter.cpp(71,68): warning C4244: 'argument': conversion from 'int' to 'float', possible loss of data
C:\Users\han.glschool\source\repos\GL_Intern_Project_2023\SDL\src\GameStates\GSCharacter.cpp(77,68): warning C4244: 'argument': conversion from 'int' to 'float', possible loss of data
C:\Users\han.glschool\source\repos\GL_Intern_Project_2023\SDL\src\GameStates\GSCharacter.cpp(83,68): warning C4244: 'argument': conversion from 'int' to 'float', possible loss of data
  GSGuide.cpp
C:\Users\han.glschool\source\repos\GL_Intern_Project_2023\SDL\src\GameObject\Define.h(39,2): warning C4091: 'typedef ': ignored on left of 'Map' when no variable is declared
C:\Users\han.glschool\source\repos\GL_Intern_Project_2023\SDL\src\GameObject\Define.h(47,2): warning C4091: 'typedef ': ignored on left of 'Map_Color' when no variable is declared
C:\Users\han.glschool\source\repos\GL_Intern_Project_2023\SDL\src\GameStates\GSGuide.cpp(34,119): warning C4244: 'argument': conversion from 'int' to 'float', possible loss of data
C:\Users\han.glschool\source\repos\GL_Intern_Project_2023\SDL\src\GameStates\GSGuide.cpp(34,71): warning C4244: 'argument': conversion from 'int' to 'float', possible loss of data
C:\Users\han.glschool\source\repos\GL_Intern_Project_2023\SDL\src\GameStates\GSGuide.cpp(152,2): warning C4065: switch statement contains 'default' but no 'case' labels
  GSLevel.cpp
C:\Users\han.glschool\source\repos\GL_Intern_Project_2023\SDL\src\GameObject\Define.h(39,2): warning C4091: 'typedef ': ignored on left of 'Map' when no variable is declared
C:\Users\han.glschool\source\repos\GL_Intern_Project_2023\SDL\src\GameObject\Define.h(47,2): warning C4091: 'typedef ': ignored on left of 'Map_Color' when no variable is declared
C:\Users\han.glschool\source\repos\GL_Intern_Project_2023\SDL\src\GameStates\GSLevel.cpp(30,63): warning C4244: 'argument': conversion from 'int' to 'float', possible loss of data
C:\Users\han.glschool\source\repos\GL_Intern_Project_2023\SDL\src\GameStates\GSLevel.cpp(36,136): warning C4244: 'argument': conversion from 'int' to 'float', possible loss of data
C:\Users\han.glschool\source\repos\GL_Intern_Project_2023\SDL\src\GameStates\GSLevel.cpp(36,82): warning C4244: 'argument': conversion from 'int' to 'float', possible loss of data
C:\Users\han.glschool\source\repos\GL_Intern_Project_2023\SDL\src\GameStates\GSLevel.cpp(43,39): warning C4244: 'argument': conversion from 'int' to 'float', possible loss of data
C:\Users\han.glschool\source\repos\GL_Intern_Project_2023\SDL\src\GameStates\GSLevel.cpp(53,66): warning C4244: 'argument': conversion from 'int' to 'float', possible loss of data
C:\Users\han.glschool\source\repos\GL_Intern_Project_2023\SDL\src\GameStates\GSLevel.cpp(62,68): warning C4244: 'argument': conversion from 'int' to 'float', possible loss of data
C:\Users\han.glschool\source\repos\GL_Intern_Project_2023\SDL\src\GameStates\GSLevel.cpp(73,71): warning C4244: 'argument': conversion from 'int' to 'float', possible loss of data
C:\Users\han.glschool\source\repos\GL_Intern_Project_2023\SDL\src\GameStates\GSLevel.cpp(93,111): warning C4244: 'argument': conversion from 'int' to 'float', possible loss of data
C:\Users\han.glschool\source\repos\GL_Intern_Project_2023\SDL\src\GameStates\GSLevel.cpp(93,64): warning C4244: 'argument': conversion from 'int' to 'float', possible loss of data
C:\Users\han.glschool\source\repos\GL_Intern_Project_2023\SDL\src\GameStates\GSLevel.cpp(124,114): warning C4244: 'argument': conversion from 'int' to 'float', possible loss of data
C:\Users\han.glschool\source\repos\GL_Intern_Project_2023\SDL\src\GameStates\GSLevel.cpp(124,65): warning C4244: 'argument': conversion from 'int' to 'float', possible loss of data
C:\Users\han.glschool\source\repos\GL_Intern_Project_2023\SDL\src\GameStates\GSLevel.cpp(134,76): warning C4244: 'argument': conversion from 'int' to 'float', possible loss of data
C:\Users\han.glschool\source\repos\GL_Intern_Project_2023\SDL\src\GameStates\GSLevel.cpp(196,58): warning C4838: conversion from 'float' to 'int' requires a narrowing conversion
C:\Users\han.glschool\source\repos\GL_Intern_Project_2023\SDL\src\GameStates\GSLevel.cpp(196,58): warning C4244: 'initializing': conversion from 'float' to 'int', possible loss of data
C:\Users\han.glschool\source\repos\GL_Intern_Project_2023\SDL\src\GameStates\GSLevel.cpp(196,92): warning C4838: conversion from 'float' to 'int' requires a narrowing conversion
C:\Users\han.glschool\source\repos\GL_Intern_Project_2023\SDL\src\GameStates\GSLevel.cpp(196,92): warning C4244: 'initializing': conversion from 'float' to 'int', possible loss of data
C:\Users\han.glschool\source\repos\GL_Intern_Project_2023\SDL\src\GameStates\GSLevel.cpp(196,97): warning C4838: conversion from 'float' to 'int' requires a narrowing conversion
C:\Users\han.glschool\source\repos\GL_Intern_Project_2023\SDL\src\GameStates\GSLevel.cpp(196,97): warning C4244: 'initializing': conversion from 'float' to 'int', possible loss of data
  GSOption.cpp
C:\Users\han.glschool\source\repos\GL_Intern_Project_2023\SDL\src\GameObject\Define.h(39,2): warning C4091: 'typedef ': ignored on left of 'Map' when no variable is declared
C:\Users\han.glschool\source\repos\GL_Intern_Project_2023\SDL\src\GameObject\Define.h(47,2): warning C4091: 'typedef ': ignored on left of 'Map_Color' when no variable is declared
C:\Users\han.glschool\source\repos\GL_Intern_Project_2023\SDL\src\GameStates\GSOption.cpp(72,101): warning C4244: 'argument': conversion from 'int' to 'float', possible loss of data
C:\Users\han.glschool\source\repos\GL_Intern_Project_2023\SDL\src\GameStates\GSOption.cpp(72,59): warning C4244: 'argument': conversion from 'int' to 'float', possible loss of data
C:\Users\han.glschool\source\repos\GL_Intern_Project_2023\SDL\src\GameStates\GSOption.cpp(187,2): warning C4065: switch statement contains 'default' but no 'case' labels
  Game.cpp
C:\Users\han.glschool\source\repos\GL_Intern_Project_2023\SDL\src\GameObject\Define.h(39,2): warning C4091: 'typedef ': ignored on left of 'Map' when no variable is declared
C:\Users\han.glschool\source\repos\GL_Intern_Project_2023\SDL\src\GameObject\Define.h(47,2): warning C4091: 'typedef ': ignored on left of 'Map_Color' when no variable is declared
C:\Users\han.glschool\source\repos\GL_Intern_Project_2023\SDL\src\Game.cpp(103,27): warning C4244: 'argument': conversion from 'double' to 'Uint32', possible loss of data
  ResourceManagers.cpp
C:\Users\han.glschool\source\repos\GL_Intern_Project_2023\SDL\src\GameObject\Define.h(39,2): warning C4091: 'typedef ': ignored on left of 'Map' when no variable is declared
C:\Users\han.glschool\source\repos\GL_Intern_Project_2023\SDL\src\GameObject\Define.h(47,2): warning C4091: 'typedef ': ignored on left of 'Map_Color' when no variable is declared
  Camera.cpp
C:\Users\han.glschool\source\repos\GL_Intern_Project_2023\SDL\src\GameObject\Define.h(39,2): warning C4091: 'typedef ': ignored on left of 'Map' when no variable is declared
C:\Users\han.glschool\source\repos\GL_Intern_Project_2023\SDL\src\GameObject\Define.h(47,2): warning C4091: 'typedef ': ignored on left of 'Map_Color' when no variable is declared
C:\Users\han.glschool\source\repos\GL_Intern_Project_2023\SDL\src\GameObject\Camera.cpp(6,50): warning C4244: '=': conversion from 'float' to 'int', possible loss of data
C:\Users\han.glschool\source\repos\GL_Intern_Project_2023\SDL\src\GameObject\Camera.cpp(7,50): warning C4244: '=': conversion from 'float' to 'int', possible loss of data
C:\Users\han.glschool\source\repos\GL_Intern_Project_2023\SDL\src\GameObject\Camera.cpp(36,58): warning C4244: 'argument': conversion from 'int' to 'float', possible loss of data
C:\Users\han.glschool\source\repos\GL_Intern_Project_2023\SDL\src\GameObject\Camera.cpp(36,42): warning C4244: 'argument': conversion from 'int' to 'float', possible loss of data
C:\Users\han.glschool\source\repos\GL_Intern_Project_2023\SDL\src\GameObject\Camera.cpp(40,24): warning C4244: '-=': conversion from 'float' to 'int', possible loss of data
C:\Users\han.glschool\source\repos\GL_Intern_Project_2023\SDL\src\GameObject\Camera.cpp(46,72): warning C4244: 'argument': conversion from 'int' to 'float', possible loss of data
C:\Users\han.glschool\source\repos\GL_Intern_Project_2023\SDL\src\GameObject\Camera.cpp(46,42): warning C4244: 'argument': conversion from 'int' to 'float', possible loss of data
C:\Users\han.glschool\source\repos\GL_Intern_Project_2023\SDL\src\GameObject\Camera.cpp(50,25): warning C4244: '+=': conversion from 'float' to 'int', possible loss of data
C:\Users\han.glschool\source\repos\GL_Intern_Project_2023\SDL\src\GameObject\Camera.cpp(63,50): warning C4244: '=': conversion from 'float' to 'int', possible loss of data
C:\Users\han.glschool\source\repos\GL_Intern_Project_2023\SDL\src\GameObject\Camera.cpp(86,46): warning C4244: 'argument': conversion from 'int' to 'float', possible loss of data
C:\Users\han.glschool\source\repos\GL_Intern_Project_2023\SDL\src\GameObject\Camera.cpp(86,33): warning C4244: 'argument': conversion from 'int' to 'float', possible loss of data
  CMath.cpp
  Cube.cpp
C:\Users\han.glschool\source\repos\GL_Intern_Project_2023\SDL\src\GameObject\Define.h(39,2): warning C4091: 'typedef ': ignored on left of 'Map' when no variable is declared
C:\Users\han.glschool\source\repos\GL_Intern_Project_2023\SDL\src\GameObject\Define.h(47,2): warning C4091: 'typedef ': ignored on left of 'Map_Color' when no variable is declared
C:\Users\han.glschool\source\repos\GL_Intern_Project_2023\SDL\src\GameObject\Cube.cpp(93,15): warning C4553: '==': result of expression not used; did you intend '='?
  Compiling...
  Dot.cpp
C:\Users\han.glschool\source\repos\GL_Intern_Project_2023\SDL\src\GameObject\Define.h(39,2): warning C4091: 'typedef ': ignored on left of 'Map' when no variable is declared
C:\Users\han.glschool\source\repos\GL_Intern_Project_2023\SDL\src\GameObject\Define.h(47,2): warning C4091: 'typedef ': ignored on left of 'Map_Color' when no variable is declared
  MouseButton.cpp
C:\Users\han.glschool\source\repos\GL_Intern_Project_2023\SDL\src\GameObject\Define.h(39,2): warning C4091: 'typedef ': ignored on left of 'Map' when no variable is declared
C:\Users\han.glschool\source\repos\GL_Intern_Project_2023\SDL\src\GameObject\Define.h(47,2): warning C4091: 'typedef ': ignored on left of 'Map_Color' when no variable is declared
C:\Users\han.glschool\source\repos\GL_Intern_Project_2023\SDL\src\GameObject\MouseButton.cpp(45,47): warning C4244: 'argument': conversion from 'float' to 'int', possible loss of data
C:\Users\han.glschool\source\repos\GL_Intern_Project_2023\SDL\src\GameObject\MouseButton.cpp(45,33): warning C4244: 'argument': conversion from 'float' to 'int', possible loss of data
  Renderer.cpp
C:\Users\han.glschool\source\repos\GL_Intern_Project_2023\SDL\src\GameObject\Define.h(39,2): warning C4091: 'typedef ': ignored on left of 'Map' when no variable is declared
C:\Users\han.glschool\source\repos\GL_Intern_Project_2023\SDL\src\GameObject\Define.h(47,2): warning C4091: 'typedef ': ignored on left of 'Map_Color' when no variable is declared
  Sound.cpp
C:\Users\han.glschool\source\repos\GL_Intern_Project_2023\SDL\src\GameObject\Define.h(39,2): warning C4091: 'typedef ': ignored on left of 'Map' when no variable is declared
C:\Users\han.glschool\source\repos\GL_Intern_Project_2023\SDL\src\GameObject\Define.h(47,2): warning C4091: 'typedef ': ignored on left of 'Map_Color' when no variable is declared
  Sprite2D.cpp
C:\Users\han.glschool\source\repos\GL_Intern_Project_2023\SDL\src\GameObject\Define.h(39,2): warning C4091: 'typedef ': ignored on left of 'Map' when no variable is declared
C:\Users\han.glschool\source\repos\GL_Intern_Project_2023\SDL\src\GameObject\Define.h(47,2): warning C4091: 'typedef ': ignored on left of 'Map_Color' when no variable is declared
C:\Users\han.glschool\source\repos\GL_Intern_Project_2023\SDL\src\GameObject\Sprite2D.cpp(35,46): warning C4244: 'argument': conversion from 'float' to 'int', possible loss of data
C:\Users\han.glschool\source\repos\GL_Intern_Project_2023\SDL\src\GameObject\Sprite2D.cpp(35,32): warning C4244: 'argument': conversion from 'float' to 'int', possible loss of data
C:\Users\han.glschool\source\repos\GL_Intern_Project_2023\SDL\src\GameObject\Sprite2D.cpp(44,47): warning C4244: 'argument': conversion from 'float' to 'int', possible loss of data
C:\Users\han.glschool\source\repos\GL_Intern_Project_2023\SDL\src\GameObject\Sprite2D.cpp(44,33): warning C4244: 'argument': conversion from 'float' to 'int', possible loss of data
  SpriteAnimation.cpp
C:\Users\han.glschool\source\repos\GL_Intern_Project_2023\SDL\src\GameObject\Define.h(39,2): warning C4091: 'typedef ': ignored on left of 'Map' when no variable is declared
C:\Users\han.glschool\source\repos\GL_Intern_Project_2023\SDL\src\GameObject\Define.h(47,2): warning C4091: 'typedef ': ignored on left of 'Map_Color' when no variable is declared
C:\Users\han.glschool\source\repos\GL_Intern_Project_2023\SDL\src\GameObject\SpriteAnimation.cpp(54,51): warning C4244: 'argument': conversion from 'float' to 'int', possible loss of data
C:\Users\han.glschool\source\repos\GL_Intern_Project_2023\SDL\src\GameObject\SpriteAnimation.cpp(54,37): warning C4244: 'argument': conversion from 'float' to 'int', possible loss of data
  Text.cpp
C:\Users\han.glschool\source\repos\GL_Intern_Project_2023\SDL\src\GameObject\Define.h(39,2): warning C4091: 'typedef ': ignored on left of 'Map' when no variable is declared
C:\Users\han.glschool\source\repos\GL_Intern_Project_2023\SDL\src\GameObject\Define.h(47,2): warning C4091: 'typedef ': ignored on left of 'Map_Color' when no variable is declared
C:\Users\han.glschool\source\repos\GL_Intern_Project_2023\SDL\src\GameObject\Text.cpp(34,46): warning C4244: 'argument': conversion from 'float' to 'int', possible loss of data
C:\Users\han.glschool\source\repos\GL_Intern_Project_2023\SDL\src\GameObject\Text.cpp(34,32): warning C4244: 'argument': conversion from 'float' to 'int', possible loss of data
  TextureManager.cpp
C:\Users\han.glschool\source\repos\GL_Intern_Project_2023\SDL\src\GameObject\Define.h(39,2): warning C4091: 'typedef ': ignored on left of 'Map' when no variable is declared
C:\Users\han.glschool\source\repos\GL_Intern_Project_2023\SDL\src\GameObject\Define.h(47,2): warning C4091: 'typedef ': ignored on left of 'Map_Color' when no variable is declared
C:\Users\han.glschool\source\repos\GL_Intern_Project_2023\SDL\src\GameObject\TextureManager.cpp(89,25): warning C4838: conversion from 'float' to 'int' requires a narrowing conversion
C:\Users\han.glschool\source\repos\GL_Intern_Project_2023\SDL\src\GameObject\TextureManager.cpp(89,25): warning C4244: 'initializing': conversion from 'float' to 'int', possible loss of data
C:\Users\han.glschool\source\repos\GL_Intern_Project_2023\SDL\src\GameObject\TextureManager.cpp(89,69): warning C4838: conversion from 'float' to 'int' requires a narrowing conversion
C:\Users\han.glschool\source\repos\GL_Intern_Project_2023\SDL\src\GameObject\TextureManager.cpp(89,69): warning C4244: 'initializing': conversion from 'float' to 'int', possible loss of data
C:\Users\han.glschool\source\repos\GL_Intern_Project_2023\SDL\src\GameObject\TextureManager.cpp(101,17): warning C4244: 'initializing': conversion from 'int' to 'float', possible loss of data
C:\Users\han.glschool\source\repos\GL_Intern_Project_2023\SDL\src\GameObject\TextureManager.cpp(102,18): warning C4244: 'initializing': conversion from 'int' to 'float', possible loss of data
C:\Users\han.glschool\source\repos\GL_Intern_Project_2023\SDL\src\GameObject\TextureManager.cpp(103,32): warning C4838: conversion from 'float' to 'int' requires a narrowing conversion
C:\Users\han.glschool\source\repos\GL_Intern_Project_2023\SDL\src\GameObject\TextureManager.cpp(103,32): warning C4244: 'initializing': conversion from 'float' to 'int', possible loss of data
C:\Users\han.glschool\source\repos\GL_Intern_Project_2023\SDL\src\GameObject\TextureManager.cpp(103,58): warning C4838: conversion from 'float' to 'int' requires a narrowing conversion
C:\Users\han.glschool\source\repos\GL_Intern_Project_2023\SDL\src\GameObject\TextureManager.cpp(103,58): warning C4244: 'initializing': conversion from 'float' to 'int', possible loss of data
C:\Users\han.glschool\source\repos\GL_Intern_Project_2023\SDL\src\GameObject\TextureManager.cpp(103,71): warning C4838: conversion from 'float' to 'int' requires a narrowing conversion
C:\Users\han.glschool\source\repos\GL_Intern_Project_2023\SDL\src\GameObject\TextureManager.cpp(103,71): warning C4244: 'initializing': conversion from 'float' to 'int', possible loss of data
C:\Users\han.glschool\source\repos\GL_Intern_Project_2023\SDL\src\GameObject\TextureManager.cpp(103,81): warning C4838: conversion from 'float' to 'int' requires a narrowing conversion
C:\Users\han.glschool\source\repos\GL_Intern_Project_2023\SDL\src\GameObject\TextureManager.cpp(103,81): warning C4244: 'initializing': conversion from 'float' to 'int', possible loss of data
C:\Users\han.glschool\source\repos\GL_Intern_Project_2023\SDL\src\GameObject\TextureManager.cpp(104,25): warning C4838: conversion from 'float' to 'int' requires a narrowing conversion
C:\Users\han.glschool\source\repos\GL_Intern_Project_2023\SDL\src\GameObject\TextureManager.cpp(104,25): warning C4244: 'initializing': conversion from 'float' to 'int', possible loss of data
C:\Users\han.glschool\source\repos\GL_Intern_Project_2023\SDL\src\GameObject\TextureManager.cpp(104,69): warning C4838: conversion from 'float' to 'int' requires a narrowing conversion
C:\Users\han.glschool\source\repos\GL_Intern_Project_2023\SDL\src\GameObject\TextureManager.cpp(104,69): warning C4244: 'initializing': conversion from 'float' to 'int', possible loss of data
  Timer.cpp
  GameStateBase.cpp
C:\Users\han.glschool\source\repos\GL_Intern_Project_2023\SDL\src\GameObject\Define.h(39,2): warning C4091: 'typedef ': ignored on left of 'Map' when no variable is declared
C:\Users\han.glschool\source\repos\GL_Intern_Project_2023\SDL\src\GameObject\Define.h(47,2): warning C4091: 'typedef ': ignored on left of 'Map_Color' when no variable is declared
C:\Users\han.glschool\source\repos\GL_Intern_Project_2023\SDL\src\GameStates\GSPlay.h(81,34): warning C4244: 'initializing': conversion from 'float' to 'const int', possible loss of data
  GameStateMachine.cpp
C:\Users\han.glschool\source\repos\GL_Intern_Project_2023\SDL\src\GameObject\Define.h(39,2): warning C4091: 'typedef ': ignored on left of 'Map' when no variable is declared
C:\Users\han.glschool\source\repos\GL_Intern_Project_2023\SDL\src\GameObject\Define.h(47,2): warning C4091: 'typedef ': ignored on left of 'Map_Color' when no variable is declared
  GSIntro.cpp
C:\Users\han.glschool\source\repos\GL_Intern_Project_2023\SDL\src\GameObject\Define.h(39,2): warning C4091: 'typedef ': ignored on left of 'Map' when no variable is declared
C:\Users\han.glschool\source\repos\GL_Intern_Project_2023\SDL\src\GameObject\Define.h(47,2): warning C4091: 'typedef ': ignored on left of 'Map_Color' when no variable is declared
  GSMenu.cpp
C:\Users\han.glschool\source\repos\GL_Intern_Project_2023\SDL\src\GameObject\Define.h(39,2): warning C4091: 'typedef ': ignored on left of 'Map' when no variable is declared
C:\Users\han.glschool\source\repos\GL_Intern_Project_2023\SDL\src\GameObject\Define.h(47,2): warning C4091: 'typedef ': ignored on left of 'Map_Color' when no variable is declared
C:\Users\han.glschool\source\repos\GL_Intern_Project_2023\SDL\src\GameStates\GSMenu.cpp(36,116): warning C4244: 'argument': conversion from 'int' to 'float', possible loss of data
C:\Users\han.glschool\source\repos\GL_Intern_Project_2023\SDL\src\GameStates\GSMenu.cpp(36,66): warning C4244: 'argument': conversion from 'int' to 'float', possible loss of data
C:\Users\han.glschool\source\repos\GL_Intern_Project_2023\SDL\src\GameStates\GSMenu.cpp(47,39): warning C4244: 'argument': conversion from 'int' to 'float', possible loss of data
C:\Users\han.glschool\source\repos\GL_Intern_Project_2023\SDL\src\GameStates\GSMenu.cpp(58,53): warning C4244: 'argument': conversion from 'int' to 'float', possible loss of data
C:\Users\han.glschool\source\repos\GL_Intern_Project_2023\SDL\src\GameStates\GSMenu.cpp(69,63): warning C4244: 'argument': conversion from 'int' to 'float', possible loss of data
C:\Users\han.glschool\source\repos\GL_Intern_Project_2023\SDL\src\GameStates\GSMenu.cpp(89,70): warning C4244: 'argument': conversion from 'int' to 'float', possible loss of data
  GSPlay.cpp
C:\Users\han.glschool\source\repos\GL_Intern_Project_2023\SDL\src\GameObject\Define.h(39,2): warning C4091: 'typedef ': ignored on left of 'Map' when no variable is declared
C:\Users\han.glschool\source\repos\GL_Intern_Project_2023\SDL\src\GameObject\Define.h(47,2): warning C4091: 'typedef ': ignored on left of 'Map_Color' when no variable is declared
C:\Users\han.glschool\source\repos\GL_Intern_Project_2023\SDL\src\GameStates\GSPlay.h(81,34): warning C4244: 'initializing': conversion from 'float' to 'const int', possible loss of data
C:\Users\han.glschool\source\repos\GL_Intern_Project_2023\SDL\src\GameStates\GSPlay.cpp(159,72): warning C4244: 'argument': conversion from 'int' to 'float', possible loss of data
C:\Users\han.glschool\source\repos\GL_Intern_Project_2023\SDL\src\GameStates\GSPlay.cpp(175,49): warning C4244: 'argument': conversion from 'int' to 'float', possible loss of data
C:\Users\han.glschool\source\repos\GL_Intern_Project_2023\SDL\src\GameStates\GSPlay.cpp(174,76): warning C4244: 'argument': conversion from 'int' to 'float', possible loss of data
C:\Users\han.glschool\source\repos\GL_Intern_Project_2023\SDL\src\GameStates\GSPlay.cpp(190,47): warning C4244: 'argument': conversion from 'int' to 'float', possible loss of data
C:\Users\han.glschool\source\repos\GL_Intern_Project_2023\SDL\src\GameStates\GSPlay.cpp(189,107): warning C4244: 'argument': conversion from 'int' to 'float', possible loss of data
C:\Users\han.glschool\source\repos\GL_Intern_Project_2023\SDL\src\GameStates\GSPlay.cpp(208,47): warning C4244: 'argument': conversion from 'int' to 'float', possible loss of data
C:\Users\han.glschool\source\repos\GL_Intern_Project_2023\SDL\src\GameStates\GSPlay.cpp(207,109): warning C4244: 'argument': conversion from 'int' to 'float', possible loss of data
C:\Users\han.glschool\source\repos\GL_Intern_Project_2023\SDL\src\GameStates\GSPlay.cpp(323,43): warning C4244: 'argument': conversion from 'double' to 'float', possible loss of data
C:\Users\han.glschool\source\repos\GL_Intern_Project_2023\SDL\src\GameStates\GSPlay.cpp(381,42): warning C4244: 'argument': conversion from 'double' to 'float', possible loss of data
C:\Users\han.glschool\source\repos\GL_Intern_Project_2023\SDL\src\GameStates\GSPlay.cpp(414,25): warning C4553: '==': result of expression not used; did you intend '='?
C:\Users\han.glschool\source\repos\GL_Intern_Project_2023\SDL\src\GameStates\GSPlay.cpp(449,24): warning C4553: '==': result of expression not used; did you intend '='?
C:\Users\han.glschool\source\repos\GL_Intern_Project_2023\SDL\src\GameStates\GSPlay.cpp(692,175): warning C4244: 'argument': conversion from 'double' to 'float', possible loss of data
C:\Users\han.glschool\source\repos\GL_Intern_Project_2023\SDL\src\GameStates\GSPlay.cpp(726,22): warning C4244: '=': conversion from 'const int' to 'float', possible loss of data
C:\Users\han.glschool\source\repos\GL_Intern_Project_2023\SDL\src\GameStates\GSPlay.cpp(738,41): warning C4244: '=': conversion from 'float' to 'int', possible loss of data
C:\Users\han.glschool\source\repos\GL_Intern_Project_2023\SDL\src\GameStates\GSPlay.cpp(657,3): warning C4065: switch statement contains 'default' but no 'case' labels
C:\Users\han.glschool\source\repos\GL_Intern_Project_2023\SDL\src\GameStates\GSPlay.cpp(789,76): warning C4838: conversion from 'float' to 'int' requires a narrowing conversion
C:\Users\han.glschool\source\repos\GL_Intern_Project_2023\SDL\src\GameStates\GSPlay.cpp(789,76): warning C4244: 'initializing': conversion from 'float' to 'int', possible loss of data
  IOFile.cpp
C:\Users\han.glschool\source\repos\GL_Intern_Project_2023\SDL\src\GameObject\Define.h(39,2): warning C4091: 'typedef ': ignored on left of 'Map' when no variable is declared
C:\Users\han.glschool\source\repos\GL_Intern_Project_2023\SDL\src\GameObject\Define.h(47,2): warning C4091: 'typedef ': ignored on left of 'Map_Color' when no variable is declared
  GSWin.cpp
C:\Users\han.glschool\source\repos\GL_Intern_Project_2023\SDL\src\GameObject\Define.h(39,2): warning C4091: 'typedef ': ignored on left of 'Map' when no variable is declared
C:\Users\han.glschool\source\repos\GL_Intern_Project_2023\SDL\src\GameObject\Define.h(47,2): warning C4091: 'typedef ': ignored on left of 'Map_Color' when no variable is declared
C:\Users\han.glschool\source\repos\GL_Intern_Project_2023\SDL\src\GameStates\GSWin.cpp(28,112): warning C4244: 'argument': conversion from 'int' to 'float', possible loss of data
C:\Users\han.glschool\source\repos\GL_Intern_Project_2023\SDL\src\GameStates\GSWin.cpp(28,66): warning C4244: 'argument': conversion from 'int' to 'float', possible loss of data
C:\Users\han.glschool\source\repos\GL_Intern_Project_2023\SDL\src\GameStates\GSWin.cpp(39,39): warning C4244: 'argument': conversion from 'int' to 'float', possible loss of data
C:\Users\han.glschool\source\repos\GL_Intern_Project_2023\SDL\src\GameStates\GSWin.cpp(50,44): warning C4244: 'argument': conversion from 'int' to 'float', possible loss of data
C:\Users\han.glschool\source\repos\GL_Intern_Project_2023\SDL\src\GameStates\GSWin.cpp(61,59): warning C4244: 'argument': conversion from 'int' to 'float', possible loss of data
C:\Users\han.glschool\source\repos\GL_Intern_Project_2023\SDL\src\GameStates\GSWin.cpp(81,70): warning C4244: 'argument': conversion from 'int' to 'float', possible loss of data
  main.cpp
C:\Users\han.glschool\source\repos\GL_Intern_Project_2023\SDL\src\GameObject\Define.h(39,2): warning C4091: 'typedef ': ignored on left of 'Map' when no variable is declared
C:\Users\han.glschool\source\repos\GL_Intern_Project_2023\SDL\src\GameObject\Define.h(47,2): warning C4091: 'typedef ': ignored on left of 'Map_Color' when no variable is declared
  Generating code
  2948 of 2951 functions (99.9%) were compiled, the rest were copied from previous compilation.
    14 functions were new in current compilation
    1 functions had inline decision re-evaluated but remain unchanged
  Finished generating code
  SDL.vcxproj -> C:\Users\han.glschool\source\repos\GL_Intern_Project_2023\x64\Release\SDL.exe
  0 File(s) copied
